<?xml version="1.0" encoding="UTF-8" standalone="no" ?>

<testsuites assertions="0" name="MultiplicationUnitTest.lvproj" skipped="0" skips="0" timestamp="0.000000">
	<testsuite assertions="0" disabled="0" errors="1" failures="0" name="MultiplicationUnitTest.lvproj\My Computer\Unit Test Files\TestMult.lvtest" skipped="0" skips="0" tests="0" time="0.000000" timestamp="0.000000">
		<testcase assertions="0" name="1" time="0.000000" timestamp="0.000000">
			<error message="The VI under test is running. &#xA;Please stop the VI and try again." type="OtherError"></error>
		</testcase>
	</testsuite>
</testsuites>